<?xml version="1.0" encoding="UTF-8"?>
<!-- Generated by org.testng.reporters.JUnitReportReporter -->
<testsuite hostname="CaptainAmerica" failures="0" tests="2" name="com.crm.qa.testcases.LoginPageTest" time="20.267" errors="0" timestamp="2021-04-15T01:18:00 CDT" skipped="0">
  <testcase classname="com.crm.qa.testcases.LoginPageTest" name="loginPageTitleTest" time="12.245"/>
  <system-out/>
  <testcase classname="com.crm.qa.testcases.LoginPageTest" name="loginTest" time="8.022"/>
  <system-out/>
</testsuite> <!-- com.crm.qa.testcases.LoginPageTest -->
