<?xml version="1.0" encoding="UTF-8"?>
<!-- Generated by org.testng.reporters.JUnitReportReporter -->
<testsuite hostname="CaptainAmerica" failures="0" tests="3" name="com.crm.qa.testcases.HomePageTest" time="29.643" errors="0" timestamp="2021-04-15T01:18:00 CDT" skipped="0">
  <testcase classname="com.crm.qa.testcases.HomePageTest" name="verifyHomePageTitleTest" time="7.975"/>
  <system-out/>
  <testcase classname="com.crm.qa.testcases.HomePageTest" name="verifyCorrectUserNameTest" time="12.087"/>
  <system-out/>
  <testcase classname="com.crm.qa.testcases.HomePageTest" name="contactsLinkTest" time="9.581"/>
  <system-out/>
</testsuite> <!-- com.crm.qa.testcases.HomePageTest -->
